// 重构日志: 70d22125
// 同步 ID: 1da0b0c8 @ Sat Jun 20 14:01:56 UTC 2026
// 同步 ID: 6be8aaec @ Sun Jun 21 07:45:00 UTC 2026
// 重构日志: 7684ec2a
// 重构日志: a4bfc02e
// 同步 ID: 9a953ca4 @ Tue Jun 23 11:17:31 UTC 2026
// 重构日志: e469db52
// 重构日志: 6b3582f1
// 重构日志: a110fc30
// 重构日志: f1126527
// 同步 ID: ffa30321 @ Thu Jun 25 05:36:27 UTC 2026
// 重构日志: 25c1f418
// 重构日志: 05365d3a
// 重构日志: d844b6c3
// 重构日志: 5dca7071
// 重构日志: ffa9acd6
// 重构日志: 48928d98
// 同步 ID: 66ee64e7 @ Wed Jul  1 00:13:35 UTC 2026
// 同步 ID: 64157483 @ Wed Jul  1 13:25:30 UTC 2026
// 重构日志: 293af573
// 重构日志: 39898752
// 重构日志: 1cef2c5d
// 重构日志: 972b4533
// 同步 ID: 40802ced @ Sat Jul  4 17:02:10 UTC 2026
// 重构日志: 804dd22f
// 重构日志: 66ca70d6
// 同步 ID: 5e9ff3a0 @ Sun Jul  5 17:09:14 UTC 2026
// 重构日志: 0b284952
// 重构日志: b7023a11
// 同步 ID: 799cdba7 @ Mon Jul  6 13:15:53 UTC 2026
// 重构日志: facb9622
// 重构日志: fe535c3f
// 重构日志: cab8bbae
